Drill report for D:\DATA\HARDWARE\KiCad\Projects\GIT\FT600_Adapter\FT600_Adapter.kicad_pcb
Created on 1/3/2021 9:11:17 PM

Copper Layer Stackup:
    =============================================================
    L1 :  F.Cu                      front
    L2 :  In1.Cu                    in1
    L3 :  In2.Cu                    in2
    L4 :  B.Cu                      back


Drill file 'FT600_Adapter-PTH.drl' contains
    plated through holes:
    =============================================================
    T1  0.20mm  0.008"  (200 holes)
    T2  1.00mm  0.039"  (40 holes)
    T3  1.50mm  0.059"  (1 hole)
    T4  2.50mm  0.098"  (2 holes)

    Total plated holes count 243


Drill file 'FT600_Adapter-NPTH.drl' contains
    unplated through holes:
    =============================================================

    Total unplated holes count 0
